c:\cs390-cpp\waveedit\waveedit\debug\waveedit.pch
c:\cs390-cpp\waveedit\waveedit\debug\vc140.pdb
c:\cs390-cpp\waveedit\waveedit\debug\vc140.idb
c:\cs390-cpp\waveedit\waveedit\debug\stdafx.obj
c:\cs390-cpp\waveedit\waveedit\debug\childfrm.obj
c:\cs390-cpp\waveedit\waveedit\debug\mainfrm.obj
c:\cs390-cpp\waveedit\waveedit\debug\waveedit.obj
c:\cs390-cpp\waveedit\waveedit\debug\waveeditdoc.obj
c:\cs390-cpp\waveedit\waveedit\debug\waveeditview.obj
c:\cs390-cpp\waveedit\waveedit\debug\wavefile.obj
c:\cs390-cpp\waveedit\debug\waveedit.ilk
c:\cs390-cpp\waveedit\debug\waveedit.exe
c:\cs390-cpp\waveedit\debug\waveedit.pdb
c:\cs390-cpp\waveedit\waveedit\debug\waveedit.res
c:\cs390-cpp\waveedit\waveedit\debug\waveedit.tlog\cl.command.1.tlog
c:\cs390-cpp\waveedit\waveedit\debug\waveedit.tlog\cl.read.1.tlog
c:\cs390-cpp\waveedit\waveedit\debug\waveedit.tlog\cl.write.1.tlog
c:\cs390-cpp\waveedit\waveedit\debug\waveedit.tlog\link.command.1.tlog
c:\cs390-cpp\waveedit\waveedit\debug\waveedit.tlog\link.read.1.tlog
c:\cs390-cpp\waveedit\waveedit\debug\waveedit.tlog\link.write.1.tlog
c:\cs390-cpp\waveedit\waveedit\debug\waveedit.tlog\rc.command.1.tlog
c:\cs390-cpp\waveedit\waveedit\debug\waveedit.tlog\rc.read.1.tlog
c:\cs390-cpp\waveedit\waveedit\debug\waveedit.tlog\rc.write.1.tlog
